

*******************************************************************************
Fri Nov 01 14:04:47 2019


FIT:    data read from "data/9.txt" u 1:2
        format = x:z
        x range restricted to [0.00000 : 6.00000]
        #datapoints = 7
        residuals are weighted equally (unit weight)

function used for fitting: f(x)
	f(x) = a*x + b
fitted parameters initialized with current variable values

iter      chisq       delta/lim  lambda   a             b            
   0 2.0000000000e+00   0.00e+00  2.65e+00    1.000000e+00   1.000000e+00
   3 1.1071428571e+00  -4.28e-01  2.65e-03    1.107143e+00   9.642862e-01

After 3 iterations the fit converged.
final sum of squares of residuals : 1.10714
rel. change during last iteration : -4.28124e-06

degrees of freedom    (FIT_NDF)                        : 5
rms of residuals      (FIT_STDFIT) = sqrt(WSSR/ndf)    : 0.470562
variance of residuals (reduced chisquare) = WSSR/ndf   : 0.221429

Final set of parameters            Asymptotic Standard Error
=======================            ==========================
a               = 1.10714          +/- 0.08893      (8.032%)
b               = 0.964286         +/- 0.3206       (33.25%)

correlation matrix of the fit parameters:
                a      b      
a               1.000 
b              -0.832  1.000 
